
Attaching package: 'gmailr'

The following object is masked from 'package:utils':

    history

The following objects are masked from 'package:base':

    body, date, labels, message

Warning message:
package 'gmailr' was built under R version 4.0.5 
Warning message:
package 'googlesheets4' was built under R version 4.0.5 
Auto-refreshing stale OAuth token.
Reading from "Applied Micro Fall 2021 Schedule"
Range "Sheet1"
Editing "Applied Micro Meeting Signup Sheet"
Editing sheet "Sheet1"
Editing "Applied Micro Meeting Signup Sheet"
Editing sheet "Sheet1"
Editing "Applied Micro Meeting Signup Sheet"
Writing to sheet "Sheet1"
Auto-refreshing stale OAuth token.
Id: 178da1f9fe667fd1

Attaching package: 'gmailr'

The following object is masked from 'package:utils':

    history

The following objects are masked from 'package:base':

    body, date, labels, message

Warning message:
package 'gmailr' was built under R version 4.0.5 
Warning message:
package 'googlesheets4' was built under R version 4.0.5 
Auto-refreshing stale OAuth token.
Reading from "Applied Micro Fall 2021 Schedule"
Range "Sheet1"
Editing "Applied Micro Meeting Signup Sheet"
Editing sheet "Sheet1"
Editing "Applied Micro Meeting Signup Sheet"
Editing sheet "Sheet1"
Editing "Applied Micro Meeting Signup Sheet"
Writing to sheet "Sheet1"
Auto-refreshing stale OAuth token.
Id: 178fe2c1e899204c
